C:\Program Files\Microsoft Visual Studio\2022\Preview\MSBuild\Microsoft\VC\v170\Microsoft.CppBuild.targets(516,5): warning MSB8004: Intermediate Directory does not end with a trailing slash.  This build instance will add the slash as it is required to allow proper evaluation of the Intermediate Directory.
C:\Program Files\Microsoft Visual Studio\2022\Preview\MSBuild\Microsoft\VC\v170\Microsoft.CppBuild.targets(517,5): warning MSB8004: Output Directory does not end with a trailing slash.  This build instance will add the slash as it is required to allow proper evaluation of the Output Directory.
  Scanning sources for module dependencies...
  SceneManager.h
  Compiling...
  SceneManager.h
  Camera.cpp
  EditorScene.cpp
C:\Dev\GameOfLife\GameOfLife\src\Scene\EditorScene\EditorScene.h(30,61): warning C4244: 'initializing': conversion from 'float' to 'int', possible loss of data
  (compiling source file 'src/Scene/EditorScene/EditorScene.cpp')
  
C:\Dev\GameOfLife\GameOfLife\src\Scene\EditorScene\EditorScene.cpp(6,17): warning C4244: 'initializing': conversion from 'float' to 'int', possible loss of data
C:\Dev\GameOfLife\GameOfLife\src\Scene\EditorScene\EditorScene.cpp(7,17): warning C4244: 'initializing': conversion from 'float' to 'int', possible loss of data
C:\Dev\GameOfLife\GameOfLife\src\Scene\EditorScene\EditorScene.cpp(8,19): warning C4244: 'initializing': conversion from 'float' to 'int', possible loss of data
C:\Dev\GameOfLife\GameOfLife\src\Scene\EditorScene\EditorScene.cpp(9,18): warning C4244: 'initializing': conversion from 'float' to 'int', possible loss of data
C:\Dev\GameOfLife\GameOfLife\src\Scene\EditorScene\EditorScene.cpp(57,94): warning C4838: conversion from 'float' to 'int' requires a narrowing conversion
C:\Dev\GameOfLife\GameOfLife\src\Scene\EditorScene\EditorScene.cpp(57,94): warning C4244: 'initializing': conversion from 'float' to 'int', possible loss of data
C:\Dev\GameOfLife\GameOfLife\src\Scene\EditorScene\EditorScene.cpp(104,10): warning C4244: 'initializing': conversion from 'double' to 'int', possible loss of data
C:\Dev\GameOfLife\GameOfLife\src\Scene\EditorScene\EditorScene.cpp(105,10): warning C4244: 'initializing': conversion from 'double' to 'int', possible loss of data
C:\Program Files\Microsoft Visual Studio\2022\Preview\VC\Tools\MSVC\14.39.33218\include\xutility(241,76): warning C4244: 'argument': conversion from '_Ty' to 'int', possible loss of data
C:\Program Files\Microsoft Visual Studio\2022\Preview\VC\Tools\MSVC\14.39.33218\include\xutility(241,76): warning C4244:         with
C:\Program Files\Microsoft Visual Studio\2022\Preview\VC\Tools\MSVC\14.39.33218\include\xutility(241,76): warning C4244:         [
C:\Program Files\Microsoft Visual Studio\2022\Preview\VC\Tools\MSVC\14.39.33218\include\xutility(241,76): warning C4244:             _Ty=float
C:\Program Files\Microsoft Visual Studio\2022\Preview\VC\Tools\MSVC\14.39.33218\include\xutility(241,76): warning C4244:         ]
  (compiling source file 'src/Scene/EditorScene/EditorScene.cpp')
  C:\Program Files\Microsoft Visual Studio\2022\Preview\VC\Tools\MSVC\14.39.33218\include\xutility(241,76):
  the template instantiation context (the oldest one first) is
  	C:\Dev\GameOfLife\GameOfLife\src\Scene\EditorScene\EditorScene.cpp(20,11):
  	see reference to function template instantiation '_Ty &std::vector<_Ty,std::allocator<_Ty>>::emplace_back<int&,float,int&,int&,EditorScene::{ctor}::<lambda_2>>(int &,float &&,int &,int &,EditorScene::{ctor}::<lambda_2> &&)' being compiled
          with
          [
              _Ty=Button
          ]
  	C:\Program Files\Microsoft Visual Studio\2022\Preview\VC\Tools\MSVC\14.39.33218\include\vector(862,24):
  	see reference to function template instantiation '_Ty &std::vector<_Ty,std::allocator<_Ty>>::_Emplace_one_at_back<int&,float,int&,int&,EditorScene::{ctor}::<lambda_2>>(int &,float &&,int &,int &,EditorScene::{ctor}::<lambda_2> &&)' being compiled
          with
          [
              _Ty=Button
          ]
  	C:\Program Files\Microsoft Visual Studio\2022\Preview\VC\Tools\MSVC\14.39.33218\include\vector(780,20):
  	see reference to function template instantiation '_Ty &std::vector<_Ty,std::allocator<_Ty>>::_Emplace_back_with_unused_capacity<int&,float,int&,int&,EditorScene::{ctor}::<lambda_2>>(int &,float &&,int &,int &,EditorScene::{ctor}::<lambda_2> &&)' being compiled
          with
          [
              _Ty=Button
          ]
  	C:\Program Files\Microsoft Visual Studio\2022\Preview\VC\Tools\MSVC\14.39.33218\include\vector(798,27):
  	see reference to function template instantiation 'void std::_Default_allocator_traits<_Alloc>::construct<_Ty,int&,float,int&,int&,EditorScene::{ctor}::<lambda_2>>(_Alloc &,_Objty *const ,int &,float &&,int &,int &,EditorScene::{ctor}::<lambda_2> &&)' being compiled
          with
          [
              _Alloc=std::allocator<Button>,
              _Ty=Button,
              _Objty=Button
          ]
  	C:\Program Files\Microsoft Visual Studio\2022\Preview\VC\Tools\MSVC\14.39.33218\include\xmemory(725,14):
  	see reference to function template instantiation '_Ty *std::construct_at<_Objty,int&,float,int&,int&,EditorScene::{ctor}::<lambda_2>,0x0>(_Ty *const ,int &,float &&,int &,int &,EditorScene::{ctor}::<lambda_2> &&) noexcept(<expr>)' being compiled
          with
          [
              _Ty=Button,
              _Objty=Button
          ]
  
C:\Program Files\Microsoft Visual Studio\2022\Preview\VC\Tools\MSVC\14.39.33218\include\xutility(242,90): warning C4244: 'argument': conversion from '_Ty' to 'int', possible loss of data
C:\Program Files\Microsoft Visual Studio\2022\Preview\VC\Tools\MSVC\14.39.33218\include\xutility(242,90): warning C4244:         with
C:\Program Files\Microsoft Visual Studio\2022\Preview\VC\Tools\MSVC\14.39.33218\include\xutility(242,90): warning C4244:         [
C:\Program Files\Microsoft Visual Studio\2022\Preview\VC\Tools\MSVC\14.39.33218\include\xutility(242,90): warning C4244:             _Ty=float
C:\Program Files\Microsoft Visual Studio\2022\Preview\VC\Tools\MSVC\14.39.33218\include\xutility(242,90): warning C4244:         ]
  (compiling source file 'src/Scene/EditorScene/EditorScene.cpp')
  C:\Program Files\Microsoft Visual Studio\2022\Preview\VC\Tools\MSVC\14.39.33218\include\xutility(242,90):
  the template instantiation context (the oldest one first) is
  	C:\Program Files\Microsoft Visual Studio\2022\Preview\VC\Tools\MSVC\14.39.33218\include\vector(798,27):
  	see reference to function template instantiation 'void std::_Default_allocator_traits<_Alloc>::construct<_Ty,int&,float,int&,int&,EditorScene::{ctor}::<lambda_2>>(_Alloc &,_Objty *const ,int &,float &&,int &,int &,EditorScene::{ctor}::<lambda_2> &&)' being compiled
          with
          [
              _Alloc=std::allocator<Button>,
              _Ty=Button,
              _Objty=Button
          ]
  	C:\Program Files\Microsoft Visual Studio\2022\Preview\VC\Tools\MSVC\14.39.33218\include\xmemory(725,14):
  	see reference to function template instantiation '_Ty *std::construct_at<_Objty,int&,float,int&,int&,EditorScene::{ctor}::<lambda_2>,0x0>(_Ty *const ,int &,float &&,int &,int &,EditorScene::{ctor}::<lambda_2> &&) noexcept(false)' being compiled
          with
          [
              _Ty=Button,
              _Objty=Button
          ]
  
  GameScene.cpp
  MainMenuScene.cpp
C:\Dev\GameOfLife\GameOfLife\src\Scene\EditorScene\EditorScene.h(30,61): warning C4244: 'initializing': conversion from 'float' to 'int', possible loss of data
  (compiling source file 'src/Scene/MainMenu/MainMenuScene.cpp')
  
  main.cpp
C:\Dev\GameOfLife\GameOfLife\src\Scene\EditorScene\EditorScene.h(30,61): warning C4244: 'initializing': conversion from 'float' to 'int', possible loss of data
  (compiling source file 'src/main.cpp')
  
  Generating code
  29 of 1700 functions ( 1.7%) were compiled, the rest were copied from previous compilation.
    1 functions were new in current compilation
    28 functions had inline decision re-evaluated but remain unchanged
  Finished generating code
  GameOfLife.vcxproj -> C:\Dev\GameOfLife\x64\bin\GameOfLife.exe
