c:\dev\gameoflife\x64\bin-int\vc143.pdb
c:\dev\gameoflife\x64\bin-int\vc143.idb
c:\dev\gameoflife\x64\bin-int\main.obj
c:\dev\gameoflife\x64\bin-int\mainmenuscene.obj
c:\dev\gameoflife\x64\bin-int\gamescene.obj
c:\dev\gameoflife\x64\bin-int\editorscene.obj
c:\dev\gameoflife\x64\bin-int\gameboard.obj
c:\dev\gameoflife\x64\bin-int\filemanager.obj
c:\dev\gameoflife\x64\bin-int\camera.obj
c:\dev\gameoflife\x64\bin-int\button.obj
c:\dev\gameoflife\x64\bin-int\scenemanager.h.ifc
c:\dev\gameoflife\x64\bin-int\scenemanager.h.ifc.d.json
c:\dev\gameoflife\x64\bin-int\scenemanager.h.obj
c:\dev\gameoflife\x64\bin\gameoflife.exe
c:\dev\gameoflife\x64\bin\gameoflife.pdb
c:\dev\gameoflife\x64\bin-int\scenemanager.h.module.json
c:\dev\gameoflife\x64\bin-int\gameoflife.ilk
c:\dev\gameoflife\x64\bin-int\gamescene.obj.enc
c:\dev\gameoflife\x64\bin-int\scenemanager.h.obj.enc
c:\dev\gameoflife\x64\bin-int\gameoflife.vcxproj.filelistabsolute.txt
c:\dev\gameoflife\x64\bin-int\gameoflife.tlog\cl.command.1.tlog
c:\dev\gameoflife\x64\bin-int\gameoflife.tlog\cl.items.tlog
c:\dev\gameoflife\x64\bin-int\gameoflife.tlog\cl.read.1.tlog
c:\dev\gameoflife\x64\bin-int\gameoflife.tlog\cl.write.1.tlog
c:\dev\gameoflife\x64\bin-int\gameoflife.tlog\link.command.1.tlog
c:\dev\gameoflife\x64\bin-int\gameoflife.tlog\link.read.1.tlog
c:\dev\gameoflife\x64\bin-int\gameoflife.tlog\link.secondary.1.tlog
c:\dev\gameoflife\x64\bin-int\gameoflife.tlog\link.write.1.tlog
c:\dev\gameoflife\x64\bin-int\gameoflife_md.tlog\cl.command.1.tlog
c:\dev\gameoflife\x64\bin-int\gameoflife_md.tlog\microsoft.build.cpptasks.cl.read.1.tlog
c:\dev\gameoflife\x64\bin-int\gameoflife_md.tlog\microsoft.build.cpptasks.cl.write.1.tlog
